<?xml version="1.0" encoding="UTF-8"?>
<robot generator="Robot 6.0.2 (Python 3.11.4 on win32)" generated="20240226 12:24:51.456" rpa="false" schemaversion="3">
<suite id="s1" name="Store" source="C:\Users\test\PycharmProjects\PetStore\PetStoreApis\TestApis\store.robot">
<test id="s1-t1" name="Scenario:El Usuario Ejecuta Un Get Request Para Obtener El Inventario De La Tienda" line="14">
<kw name="Create Dictionary" library="BuiltIn">
<var>${header}</var>
<arg>Content-Type=application/xml</arg>
<doc>Creates and returns a dictionary based on the given ``items``.</doc>
<msg timestamp="20240226 12:24:55.477" level="INFO">${header} = {'Content-Type': 'application/xml'}</msg>
<status status="PASS" starttime="20240226 12:24:55.476" endtime="20240226 12:24:55.477"/>
</kw>
<kw name="Create Session" library="RequestsLibrary">
<arg>API_Testing</arg>
<arg>${PETSTOREAPI}</arg>
<doc>Create Session: create a HTTP session to a server</doc>
<msg timestamp="20240226 12:24:55.478" level="INFO">Creating Session using : alias=API_Testing, url=https://petstore3.swagger.io/api/v3, headers={},                     cookies={}, auth=None, timeout=None, proxies=None, verify=False,                     debug=0 </msg>
<status status="PASS" starttime="20240226 12:24:55.477" endtime="20240226 12:24:55.479"/>
</kw>
<kw name="GET On Session" library="RequestsLibrary">
<var>${Get_Response}</var>
<arg>API_Testing</arg>
<arg>/store/inventory</arg>
<doc>Sends a GET request on a previously created HTTP Session.</doc>
<msg timestamp="20240226 12:24:55.947" level="INFO">GET Request : url=https://petstore3.swagger.io/api/v3/store/inventory 
 path_url=/api/v3/store/inventory 
 headers={'User-Agent': 'python-requests/2.30.0', 'Accept-Encoding': 'gzip, deflate', 'Accept': '*/*', 'Connection': 'keep-alive'} 
 body=None 
 </msg>
<msg timestamp="20240226 12:24:55.947" level="INFO">GET Response : url=https://petstore3.swagger.io/api/v3/store/inventory 
 status=500, reason=Internal Server Error 
 headers={'Date': 'Mon, 26 Feb 2024 17:24:56 GMT', 'Content-Type': 'application/json', 'Content-Length': '110', 'Connection': 'keep-alive', 'Access-Control-Allow-Origin': '*', 'Access-Control-Allow-Methods': 'GET, POST, DELETE, PUT', 'Access-Control-Allow-Headers': 'Content-Type, api_key, Authorization', 'Access-Control-Expose-Headers': 'Content-Disposition', 'Server': 'Jetty(9.4.9.v20180320)'} 
 body={"code":500,"message":"There was an error processing your request. It has been logged (ID: 1b406d91c45e0c89)"} 
 </msg>
<msg timestamp="20240226 12:24:55.947" level="INFO">C:\Users\test\AppData\Local\Programs\Python\Python311\Lib\site-packages\urllib3\connectionpool.py:1045: InsecureRequestWarning: Unverified HTTPS request is being made to host 'petstore3.swagger.io'. Adding certificate verification is strongly advised. See: https://urllib3.readthedocs.io/en/1.26.x/advanced-usage.html#ssl-warnings
  warnings.warn(</msg>
<msg timestamp="20240226 12:24:55.948" level="FAIL">HTTPError: 500 Server Error: Internal Server Error for url: https://petstore3.swagger.io/api/v3/store/inventory</msg>
<status status="FAIL" starttime="20240226 12:24:55.480" endtime="20240226 12:24:55.974"/>
</kw>
<kw name="Log To Console" library="BuiltIn">
<arg>${Get_Response.status_code}</arg>
<doc>Logs the given message to the console.</doc>
<status status="NOT RUN" starttime="20240226 12:24:55.975" endtime="20240226 12:24:55.975"/>
</kw>
<kw name="Convert To String" library="BuiltIn">
<var>${statusCode}</var>
<arg>${Get_Response.status_code}</arg>
<doc>Converts the given item to a Unicode string.</doc>
<status status="NOT RUN" starttime="20240226 12:24:55.976" endtime="20240226 12:24:55.976"/>
</kw>
<kw name="Should Be Equal" library="BuiltIn">
<arg>${statusCode}</arg>
<arg>200</arg>
<doc>Fails if the given objects are unequal.</doc>
<status status="NOT RUN" starttime="20240226 12:24:55.977" endtime="20240226 12:24:55.977"/>
</kw>
<doc>Get Request inventory</doc>
<status status="FAIL" starttime="20240226 12:24:55.474" endtime="20240226 12:24:55.977">HTTPError: 500 Server Error: Internal Server Error for url: https://petstore3.swagger.io/api/v3/store/inventory</status>
</test>
<test id="s1-t2" name="Scenario:El Usuario Ejecuta Un Post Request Para Crear Una Orden" line="24">
<kw name="Create Dictionary" library="BuiltIn">
<var>${header}</var>
<arg>Content-Type=application/json</arg>
<doc>Creates and returns a dictionary based on the given ``items``.</doc>
<msg timestamp="20240226 12:24:55.981" level="INFO">${header} = {'Content-Type': 'application/json'}</msg>
<status status="PASS" starttime="20240226 12:24:55.981" endtime="20240226 12:24:55.981"/>
</kw>
<kw name="Create Dictionary" library="BuiltIn">
<var>${body}</var>
<arg>id=${IDSTORE}[idstore]</arg>
<arg>petId=${PETID}[petId]</arg>
<arg>quantity=${QUANTITY}[quantity]</arg>
<arg>shipDate=${SHIPDATE}[shipDate]</arg>
<arg>status=${STATUS}[status]</arg>
<arg>complete=${COMPLETE}[complete]</arg>
<doc>Creates and returns a dictionary based on the given ``items``.</doc>
<msg timestamp="20240226 12:24:55.982" level="INFO">${body} = {'id': '10', 'petId': '198772', 'quantity': '11', 'shipDate': '2024-02-26T01:51:24.691Z', 'status': 'approved', 'complete': 'true'}</msg>
<status status="PASS" starttime="20240226 12:24:55.981" endtime="20240226 12:24:55.982"/>
</kw>
<kw name="Create Session" library="RequestsLibrary">
<arg>API_Testing_Post</arg>
<arg>${PETSTOREAPI}</arg>
<doc>Create Session: create a HTTP session to a server</doc>
<msg timestamp="20240226 12:24:55.984" level="INFO">Creating Session using : alias=API_Testing_Post, url=https://petstore3.swagger.io/api/v3, headers={},                     cookies={}, auth=None, timeout=None, proxies=None, verify=False,                     debug=0 </msg>
<status status="PASS" starttime="20240226 12:24:55.984" endtime="20240226 12:24:55.985"/>
</kw>
<kw name="Post Request" library="RequestsLibrary">
<var>${response}</var>
<arg>API_Testing_Post</arg>
<arg>/store/order</arg>
<arg>data=${body}</arg>
<arg>headers=${header}</arg>
<doc>*DEPRECATED* Please use `POST On Session` instead.</doc>
<msg timestamp="20240226 12:24:55.985" level="WARN">Keyword 'RequestsLibrary.Post Request' is deprecated. Please use `POST On Session` instead.</msg>
<msg timestamp="20240226 12:24:56.342" level="INFO">POST Request : url=https://petstore3.swagger.io/api/v3/store/order 
 path_url=/api/v3/store/order 
 headers={'User-Agent': 'python-requests/2.30.0', 'Accept-Encoding': 'gzip, deflate', 'Accept': '*/*', 'Connection': 'keep-alive', 'Content-Type': 'application/json', 'Content-Length': '131'} 
 body={"id": "10", "petId": "198772", "quantity": "11", "shipDate": "2024-02-26T01:51:24.691Z", "status": "approved", "complete": "true"} 
 </msg>
<msg timestamp="20240226 12:24:56.342" level="INFO">POST Response : url=https://petstore3.swagger.io/api/v3/store/order 
 status=200, reason=OK 
 headers={'Date': 'Mon, 26 Feb 2024 17:24:57 GMT', 'Content-Type': 'application/json', 'Content-Length': '117', 'Connection': 'keep-alive', 'Access-Control-Allow-Origin': '*', 'Access-Control-Allow-Methods': 'GET, POST, DELETE, PUT', 'Access-Control-Allow-Headers': 'Content-Type, api_key, Authorization', 'Access-Control-Expose-Headers': 'Content-Disposition', 'Server': 'Jetty(9.4.9.v20180320)'} 
 body={"id":10,"petId":198772,"quantity":11,"shipDate":"2024-02-26T01:51:24.691+00:00","status":"approved","complete":true} 
 </msg>
<msg timestamp="20240226 12:24:56.342" level="INFO">C:\Users\test\AppData\Local\Programs\Python\Python311\Lib\site-packages\urllib3\connectionpool.py:1045: InsecureRequestWarning: Unverified HTTPS request is being made to host 'petstore3.swagger.io'. Adding certificate verification is strongly advised. See: https://urllib3.readthedocs.io/en/1.26.x/advanced-usage.html#ssl-warnings
  warnings.warn(</msg>
<msg timestamp="20240226 12:24:56.343" level="INFO">${response} = &lt;Response [200]&gt;</msg>
<status status="PASS" starttime="20240226 12:24:55.985" endtime="20240226 12:24:56.343"/>
</kw>
<kw name="Log To Console" library="BuiltIn">
<arg>${response.status_code}</arg>
<doc>Logs the given message to the console.</doc>
<status status="PASS" starttime="20240226 12:24:56.344" endtime="20240226 12:24:56.345"/>
</kw>
<kw name="Convert To String" library="BuiltIn">
<var>${code}</var>
<arg>${response.status_code}</arg>
<doc>Converts the given item to a Unicode string.</doc>
<msg timestamp="20240226 12:24:56.348" level="INFO">${code} = 200</msg>
<status status="PASS" starttime="20240226 12:24:56.347" endtime="20240226 12:24:56.348"/>
</kw>
<kw name="Should Be Equal" library="BuiltIn">
<arg>${code}</arg>
<arg>200</arg>
<doc>Fails if the given objects are unequal.</doc>
<status status="PASS" starttime="20240226 12:24:56.348" endtime="20240226 12:24:56.349"/>
</kw>
<kw name="Convert To String" library="BuiltIn">
<var>${res_body}</var>
<arg>${response.content}</arg>
<doc>Converts the given item to a Unicode string.</doc>
<msg timestamp="20240226 12:24:56.351" level="INFO">${res_body} = {"id":10,"petId":198772,"quantity":11,"shipDate":"2024-02-26T01:51:24.691+00:00","status":"approved","complete":true}</msg>
<status status="PASS" starttime="20240226 12:24:56.349" endtime="20240226 12:24:56.351"/>
</kw>
<kw name="Should Contain" library="BuiltIn">
<arg>${res_body}</arg>
<arg>id</arg>
<doc>Fails if ``container`` does not contain ``item`` one or more times.</doc>
<status status="PASS" starttime="20240226 12:24:56.351" endtime="20240226 12:24:56.351"/>
</kw>
<kw name="Should Contain" library="BuiltIn">
<arg>${res_body}</arg>
<arg>petId</arg>
<doc>Fails if ``container`` does not contain ``item`` one or more times.</doc>
<status status="PASS" starttime="20240226 12:24:56.351" endtime="20240226 12:24:56.352"/>
</kw>
<kw name="Should Contain" library="BuiltIn">
<arg>${res_body}</arg>
<arg>quantity</arg>
<doc>Fails if ``container`` does not contain ``item`` one or more times.</doc>
<status status="PASS" starttime="20240226 12:24:56.352" endtime="20240226 12:24:56.352"/>
</kw>
<kw name="Should Contain" library="BuiltIn">
<arg>${res_body}</arg>
<arg>shipDate</arg>
<doc>Fails if ``container`` does not contain ``item`` one or more times.</doc>
<status status="PASS" starttime="20240226 12:24:56.353" endtime="20240226 12:24:56.353"/>
</kw>
<kw name="Should Contain" library="BuiltIn">
<arg>${res_body}</arg>
<arg>status</arg>
<doc>Fails if ``container`` does not contain ``item`` one or more times.</doc>
<status status="PASS" starttime="20240226 12:24:56.354" endtime="20240226 12:24:56.354"/>
</kw>
<kw name="Should Contain" library="BuiltIn">
<arg>${res_body}</arg>
<arg>complete</arg>
<doc>Fails if ``container`` does not contain ``item`` one or more times.</doc>
<status status="PASS" starttime="20240226 12:24:56.355" endtime="20240226 12:24:56.355"/>
</kw>
<doc>Post Request create order</doc>
<status status="PASS" starttime="20240226 12:24:55.979" endtime="20240226 12:24:56.355"/>
</test>
<test id="s1-t3" name="Scenario:El Usuario Ejecuta Un Get Request Para Obtener Una Orden Segun Su ID" line="44">
<kw name="Create Dictionary" library="BuiltIn">
<var>${header}</var>
<arg>Content-Type=application/xml</arg>
<doc>Creates and returns a dictionary based on the given ``items``.</doc>
<msg timestamp="20240226 12:24:56.360" level="INFO">${header} = {'Content-Type': 'application/xml'}</msg>
<status status="PASS" starttime="20240226 12:24:56.359" endtime="20240226 12:24:56.360"/>
</kw>
<kw name="Create Session" library="RequestsLibrary">
<arg>API_Testing</arg>
<arg>${PETSTOREAPI}</arg>
<doc>Create Session: create a HTTP session to a server</doc>
<msg timestamp="20240226 12:24:56.361" level="INFO">Creating Session using : alias=API_Testing, url=https://petstore3.swagger.io/api/v3, headers={},                     cookies={}, auth=None, timeout=None, proxies=None, verify=False,                     debug=0 </msg>
<status status="PASS" starttime="20240226 12:24:56.360" endtime="20240226 12:24:56.361"/>
</kw>
<kw name="GET On Session" library="RequestsLibrary">
<var>${Get_Response}</var>
<arg>API_Testing</arg>
<arg>/store/order/${IDSTORE}[idstore]</arg>
<doc>Sends a GET request on a previously created HTTP Session.</doc>
<msg timestamp="20240226 12:24:56.718" level="INFO">GET Request : url=https://petstore3.swagger.io/api/v3/store/order/10 
 path_url=/api/v3/store/order/10 
 headers={'User-Agent': 'python-requests/2.30.0', 'Accept-Encoding': 'gzip, deflate', 'Accept': '*/*', 'Connection': 'keep-alive'} 
 body=None 
 </msg>
<msg timestamp="20240226 12:24:56.719" level="INFO">GET Response : url=https://petstore3.swagger.io/api/v3/store/order/10 
 status=200, reason=OK 
 headers={'Date': 'Mon, 26 Feb 2024 17:24:57 GMT', 'Content-Type': 'application/json', 'Content-Length': '117', 'Connection': 'keep-alive', 'Access-Control-Allow-Origin': '*', 'Access-Control-Allow-Methods': 'GET, POST, DELETE, PUT', 'Access-Control-Allow-Headers': 'Content-Type, api_key, Authorization', 'Access-Control-Expose-Headers': 'Content-Disposition', 'Server': 'Jetty(9.4.9.v20180320)'} 
 body={"id":10,"petId":198772,"quantity":11,"shipDate":"2024-02-26T01:51:24.691+00:00","status":"approved","complete":true} 
 </msg>
<msg timestamp="20240226 12:24:56.719" level="INFO">C:\Users\test\AppData\Local\Programs\Python\Python311\Lib\site-packages\urllib3\connectionpool.py:1045: InsecureRequestWarning: Unverified HTTPS request is being made to host 'petstore3.swagger.io'. Adding certificate verification is strongly advised. See: https://urllib3.readthedocs.io/en/1.26.x/advanced-usage.html#ssl-warnings
  warnings.warn(</msg>
<msg timestamp="20240226 12:24:56.719" level="INFO">${Get_Response} = &lt;Response [200]&gt;</msg>
<status status="PASS" starttime="20240226 12:24:56.361" endtime="20240226 12:24:56.719"/>
</kw>
<kw name="Log To Console" library="BuiltIn">
<arg>${Get_Response.status_code}</arg>
<doc>Logs the given message to the console.</doc>
<status status="PASS" starttime="20240226 12:24:56.721" endtime="20240226 12:24:56.722"/>
</kw>
<kw name="Convert To String" library="BuiltIn">
<var>${statusCode}</var>
<arg>${Get_Response.status_code}</arg>
<doc>Converts the given item to a Unicode string.</doc>
<msg timestamp="20240226 12:24:56.724" level="INFO">${statusCode} = 200</msg>
<status status="PASS" starttime="20240226 12:24:56.723" endtime="20240226 12:24:56.724"/>
</kw>
<kw name="Should Be Equal" library="BuiltIn">
<arg>${statusCode}</arg>
<arg>200</arg>
<doc>Fails if the given objects are unequal.</doc>
<status status="PASS" starttime="20240226 12:24:56.726" endtime="20240226 12:24:56.726"/>
</kw>
<doc>Get Request inventory</doc>
<status status="PASS" starttime="20240226 12:24:56.358" endtime="20240226 12:24:56.726"/>
</test>
<test id="s1-t4" name="Scenario:El Usuario Ejecuta Un Delete Request Para Eliminar Una Orden" line="54">
<kw name="Create Dictionary" library="BuiltIn">
<var>${header}</var>
<arg>Content-Type=application/json</arg>
<doc>Creates and returns a dictionary based on the given ``items``.</doc>
<msg timestamp="20240226 12:24:56.730" level="INFO">${header} = {'Content-Type': 'application/json'}</msg>
<status status="PASS" starttime="20240226 12:24:56.730" endtime="20240226 12:24:56.731"/>
</kw>
<kw name="Create Session" library="RequestsLibrary">
<arg>API_Testing</arg>
<arg>${PETSTOREAPI}</arg>
<doc>Create Session: create a HTTP session to a server</doc>
<msg timestamp="20240226 12:24:56.732" level="INFO">Creating Session using : alias=API_Testing, url=https://petstore3.swagger.io/api/v3, headers={},                     cookies={}, auth=None, timeout=None, proxies=None, verify=False,                     debug=0 </msg>
<status status="PASS" starttime="20240226 12:24:56.731" endtime="20240226 12:24:56.732"/>
</kw>
<kw name="DELETE On Session" library="RequestsLibrary">
<var>${Get_Response}</var>
<arg>API_Testing</arg>
<arg>/store/order/${IDSTORE}[idstore]</arg>
<doc>Sends a DELETE request on a previously created HTTP Session.</doc>
<msg timestamp="20240226 12:24:57.078" level="INFO">DELETE Request : url=https://petstore3.swagger.io/api/v3/store/order/10 
 path_url=/api/v3/store/order/10 
 headers={'User-Agent': 'python-requests/2.30.0', 'Accept-Encoding': 'gzip, deflate', 'Accept': '*/*', 'Connection': 'keep-alive', 'Content-Length': '0'} 
 body=None 
 </msg>
<msg timestamp="20240226 12:24:57.078" level="INFO">DELETE Response : url=https://petstore3.swagger.io/api/v3/store/order/10 
 status=200, reason=OK 
 headers={'Date': 'Mon, 26 Feb 2024 17:24:58 GMT', 'Content-Length': '0', 'Connection': 'keep-alive', 'Access-Control-Allow-Origin': '*', 'Access-Control-Allow-Methods': 'GET, POST, DELETE, PUT', 'Access-Control-Allow-Headers': 'Content-Type, api_key, Authorization', 'Access-Control-Expose-Headers': 'Content-Disposition', 'Server': 'Jetty(9.4.9.v20180320)'} 
 body=None 
 </msg>
<msg timestamp="20240226 12:24:57.079" level="INFO">C:\Users\test\AppData\Local\Programs\Python\Python311\Lib\site-packages\urllib3\connectionpool.py:1045: InsecureRequestWarning: Unverified HTTPS request is being made to host 'petstore3.swagger.io'. Adding certificate verification is strongly advised. See: https://urllib3.readthedocs.io/en/1.26.x/advanced-usage.html#ssl-warnings
  warnings.warn(</msg>
<msg timestamp="20240226 12:24:57.079" level="INFO">${Get_Response} = &lt;Response [200]&gt;</msg>
<status status="PASS" starttime="20240226 12:24:56.733" endtime="20240226 12:24:57.079"/>
</kw>
<kw name="Log To Console" library="BuiltIn">
<arg>${Get_Response.status_code}</arg>
<doc>Logs the given message to the console.</doc>
<status status="PASS" starttime="20240226 12:24:57.080" endtime="20240226 12:24:57.082"/>
</kw>
<kw name="Convert To String" library="BuiltIn">
<var>${statusCode}</var>
<arg>${Get_Response.status_code}</arg>
<doc>Converts the given item to a Unicode string.</doc>
<msg timestamp="20240226 12:24:57.084" level="INFO">${statusCode} = 200</msg>
<status status="PASS" starttime="20240226 12:24:57.083" endtime="20240226 12:24:57.084"/>
</kw>
<kw name="Should Be Equal" library="BuiltIn">
<arg>${statusCode}</arg>
<arg>200</arg>
<doc>Fails if the given objects are unequal.</doc>
<status status="PASS" starttime="20240226 12:24:57.084" endtime="20240226 12:24:57.085"/>
</kw>
<doc>Delete Request order</doc>
<status status="PASS" starttime="20240226 12:24:56.728" endtime="20240226 12:24:57.085"/>
</test>
<status status="FAIL" starttime="20240226 12:24:51.466" endtime="20240226 12:24:57.088"/>
</suite>
<statistics>
<total>
<stat pass="3" fail="1" skip="0">All Tests</stat>
</total>
<tag>
</tag>
<suite>
<stat pass="3" fail="1" skip="0" id="s1" name="Store">Store</stat>
</suite>
</statistics>
<errors>
<msg timestamp="20240226 12:24:55.985" level="WARN">Keyword 'RequestsLibrary.Post Request' is deprecated. Please use `POST On Session` instead.</msg>
</errors>
</robot>
